<?xml version="1.0" encoding="UTF-8"?>
<testsuite xmlns:xsi="http://www.w3.org/2001/XMLSchema-instance" xsi:noNamespaceSchemaLocation="https://maven.apache.org/surefire/maven-surefire-plugin/xsd/surefire-test-report.xsd" name="maven_pro.ganesh_maven_pro.AppTest" time="8.033" tests="2" errors="0" skipped="0" failures="0">
  <properties>
[...]
</properties>
  <testcase name="shouldAnswerWithTrue" classname="maven_pro.ganesh_maven_pro.AppTest" time="0.01"/>
  <testcase name="Launchchrome" classname="maven_pro.ganesh_maven_pro.AppTest" time="7.871"/>
</testsuite>